ECHO 处于关闭状态。
C:\Users\l30067497\.hicode\CodeCheck\CodeCheckAgent\uccp-app-1.0.0\tools\jre11\bin\java.exe
"C:\Users\l30067497\.hicode\CodeCheck\CodeCheckAgent\uccp-app-1.0.0\tools\jre11\bin\java.exe" -classpath "C:\Users\l30067497\.hicode\CodeCheck\CodeCheckAgent\uccp-app-1.0.0\tools\codemars\\lib\*" com.huawei.codemars.analyzer.CodeMars C:\Users\l30067497\.hicode\CodeCheck\CodeCheckAgent\uccp-app-1.0.0\tools\jre11\bin\java.exe -j -source @D:\Project\Java\MyTest\.idea\code-check\originalReport\codemars\report\codemars_fileList1.lst -checker Bad_Practices_Sockets_Bind_IP,Invalid_Security_Check,Missing_SecurityManager_Check_Serializable,Forbid_Serialize_Nonstatic_Inner_Class,Privacy_Violation_Serialization,SecurityManager_Privacy_Operation,XXE_SchemaFactory,Forbid_Synchronize_Concurrency_Object,IO_Process_WaitFor,XXE_DocumentBuilderFactory,XXE_SAXBuilder,Insecure_XML_Transform_By_XSLT,XXE_DocumentHelper,Forbid_Synchronize_getClass_Object,XXE_SAXTransformerFactory,XXE_SAXParserFactory,Invalid_Read_From_Stream,Call_Super_GetPermission,Zip_Entry_Size,Canonical_Path,Forbid_System_Exit,AvoidUsingHardCodedIP,Forbid_Thread_Stop,XXE_DocumentBuilderFactoryImpl,XXE_XMLReaderFactory,Forbid_Synchronize_Reused_Object,System_Information_Leak,XXE_TransformerFactory,Bad_Practices_Sockets,XXE_XMLInputFactory,Privacy_Violation_Password,Object_Signed_Encrypted,Assertions_With_Side_Effects,XXE_SAXReader,Insecure_Instance_Lock -output D:\Project\Java\MyTest\.idea\code-check\originalReport\codemars\report\codemars1.json
2024-08-19 11:32:55.929 [main] INFO . - user input: C:\Users\l30067497\.hicode\CodeCheck\CodeCheckAgent\uccp-app-1.0.0\tools\jre11\bin\java.exe,-j,-source,@D:\Project\Java\MyTest\.idea\code-check\originalReport\codemars\report\codemars_fileList1.lst,-checker,Bad_Practices_Sockets_Bind_IP,Invalid_Security_Check,Missing_SecurityManager_Check_Serializable,Forbid_Serialize_Nonstatic_Inner_Class,Privacy_Violation_Serialization,SecurityManager_Privacy_Operation,XXE_SchemaFactory,Forbid_Synchronize_Concurrency_Object,IO_Process_WaitFor,XXE_DocumentBuilderFactory,XXE_SAXBuilder,Insecure_XML_Transform_By_XSLT,XXE_DocumentHelper,Forbid_Synchronize_getClass_Object,XXE_SAXTransformerFactory,XXE_SAXParserFactory,Invalid_Read_From_Stream,Call_Super_GetPermission,Zip_Entry_Size,Canonical_Path,Forbid_System_Exit,AvoidUsingHardCodedIP,Forbid_Thread_Stop,XXE_DocumentBuilderFactoryImpl,XXE_XMLReaderFactory,Forbid_Synchronize_Reused_Object,System_Information_Leak,XXE_TransformerFactory,Bad_Practices_Sockets,XXE_XMLInputFactory,Privacy_Violation_Password,Object_Signed_Encrypted,Assertions_With_Side_Effects,XXE_SAXReader,Insecure_Instance_Lock,-output,D:\Project\Java\MyTest\.idea\code-check\originalReport\codemars\report\codemars1.json
2024-08-19 11:32:55.932 [main] INFO . - CodeMars Version:2.1.39
2024-08-19 11:32:56.015 [main] INFO . - SecFinder-Sh doesn't exist
2024-08-19 11:32:56.020 [main] INFO . - SecFinder-Php doesn't exist
2024-08-19 11:32:56.022 [main] INFO . - SecFinder-Lua doesn't exist
2024-08-19 11:32:56.022 [main] INFO . - SecFinder-Kotlin doesn't exist
2024-08-19 11:32:56.022 [main] INFO . - SecFinder-SenInfo doesn't exist
2024-08-19 11:32:56.024 [main] INFO . - starting analyzing.
2024-08-19 11:32:56.029 [main] INFO . - start collecting report.
2024-08-19 11:32:56.032 [CodeMars1] INFO . - Command: "C:\Users\l30067497\.hicode\CodeCheck\CodeCheckAgent\uccp-app-1.0.0\tools\codemars\engines\SecFinder-J\bin\run_SecFinder-J.bat",-filelist,D:\Project\Java\MyTest\.idea\code-check\originalReport\codemars\report\SecFinder-J_filelist_2024_08_19_11_32_56_030_17.txt,-f,xml,-R,hw-Bad_Practices_Sockets_Bind_IP,hw-Invalid_Security_Check,hw-Missing_SecurityManager_Check_Serializable,hw-Forbid_Serialize_Nonstatic_Inner_Class,hw-Privacy_Violation_Serialization,hw-SecurityManager_Privacy_Operation,hw-XXE_SchemaFactory,hw-Forbid_Synchronize_Concurrency_Object,hw-IO_Process_WaitFor,hw-XXE_DocumentBuilderFactory,hw-XXE_SAXBuilder,hw-Insecure_XML_Transform_By_XSLT,hw-XXE_DocumentHelper,hw-Forbid_Synchronize_getClass_Object,hw-XXE_SAXTransformerFactory,hw-XXE_SAXParserFactory,hw-Invalid_Read_From_Stream,hw-Call_Super_GetPermission,hw-Zip_Entry_Size,hw-Canonical_Path,hw-Forbid_System_Exit,hw-AvoidUsingHardCodedIP,hw-Forbid_Thread_Stop,hw-XXE_DocumentBuilderFactoryImpl,hw-XXE_XMLReaderFactory,hw-Forbid_Synchronize_Reused_Object,hw-System_Information_Leak,hw-XXE_TransformerFactory,hw-Bad_Practices_Sockets,hw-XXE_XMLInputFactory,hw-Privacy_Violation_Password,hw-Object_Signed_Encrypted,hw-Assertions_With_Side_Effects,hw-XXE_SAXReader,hw-Insecure_Instance_Lock,-progress,-r,D:\Project\Java\MyTest\.idea\code-check\originalReport\codemars\report\\SecFinder-J_errorreport_2024_08_19_11_32_55_782_20.xml,-ruleclasspath,file:///D:\Project\Java\MyTest\.idea\code-check\originalReport\codemars\report\ruleclasspath.txt
2024-08-19 11:32:56.233 [Thread-1] INFO . - 11:32:56.231 [main] INFO com.huawei.secfinderj.SecFinderJ - SecFinder-J Version: 2.1.9
2024-08-19 11:32:56.296 [Thread-1] INFO . - 11:32:56.296 [main] INFO com.huawei.secfinderj.progress.ProgressReporter - SecFinder-J Output: Inspect start...
2024-08-19 11:32:56.316 [Thread-1] INFO . - 11:32:56.316 [main] INFO com.huawei.secfinderj.progress.ProgressReporter - SecFinder-J Output: Load checkers...
2024-08-19 11:32:56.460 [Thread-1] INFO . - 11:32:56.460 [main] INFO com.huawei.secfinderj.progress.ProgressReporter - SecFinder-J Output: Load config...
2024-08-19 11:32:56.550 [Thread-1] INFO . - 11:32:56.550 [main] INFO com.huawei.secfinderj.progress.ProgressReporter - SecFinder-J Output: step 1/4: Find files
2024-08-19 11:32:56.572 [Thread-1] INFO . - 11:32:56.572 [main] INFO com.huawei.secfinderj.progress.ProgressReporter - SecFinder-J Output: step 2/4: Process files
2024-08-19 11:32:56.656 [Thread-1] INFO . - 11:32:56.655 [SecFinder-J--Thread--1] INFO com.huawei.secfinderj.progress.ProgressReporter - SecFinder-J Output: during processing of [Main.java]
2024-08-19 11:32:56.745 [Thread-1] INFO . - 11:32:56.745 [main] INFO com.huawei.secfinderj.progress.ProgressReporter - SecFinder-J Output: step 4/4: Result output...
2024-08-19 11:32:56.745 [Thread-1] INFO . - 11:32:56.745 [main] INFO com.huawei.secfinderj.progress.ProgressReporter - SecFinder-J Output: Inspect finish...
2024-08-19 11:32:56.745 [Thread-1] INFO . - 11:32:56.745 [main] INFO com.huawei.secfinderj.progress.ProgressReporter - Analysis result:
2024-08-19 11:32:56.745 [Thread-1] INFO . -     files analyzed      : 1
2024-08-19 11:32:56.745 [Thread-1] INFO . -     lines analyzed      : 7
2024-08-19 11:32:56.745 [Thread-1] INFO . -     rules used          : 35
2024-08-19 11:32:56.745 [Thread-1] INFO . -     issues detected     : 0
2024-08-19 11:32:56.745 [Thread-1] INFO . -     time cost(sec)      : 0
2024-08-19 11:32:56.745 [Thread-1] INFO . - 
2024-08-19 11:32:56.745 [Thread-1] INFO . - 
2024-08-19 11:32:56.745 [Thread-1] INFO . - 11:32:56.745 [main] INFO com.huawei.secfinderj.override.HwPmd - SecFinder-J run successed!
2024-08-19 11:32:56.770 [CodeMars1] INFO . - engineName: SecFinder-J, executeTime: 739 
2024-08-19 11:32:56.775 [CodeMars1] INFO . - start parse errorreport xml : SecFinder-J_errorreport_2024_08_19_11_32_55_782_20.xml
2024-08-19 11:32:56.777 [CodeMars1] INFO . - parse xml time : 6
2024-08-19 11:32:56.777 [CodeMars1] INFO . - end parse errorreport xml
2024-08-19 11:32:56.781 [main] INFO . - end collecting report.
2024-08-19 11:32:56.811 [main] INFO . - end analyzing.
